current directory: /home/developer/Desktop/test_task/urhouse/path/ruby/3.2.0/gems/murmurhash3-0.1.7/ext/murmurhash3
/home/developer/.rvm/rubies/ruby-3.2.2/bin/ruby extconf.rb
creating Makefile

current directory: /home/developer/Desktop/test_task/urhouse/path/ruby/3.2.0/gems/murmurhash3-0.1.7/ext/murmurhash3
make DESTDIR\= sitearchdir\=./.gem.20231107-135761-s068ap sitelibdir\=./.gem.20231107-135761-s068ap clean

current directory: /home/developer/Desktop/test_task/urhouse/path/ruby/3.2.0/gems/murmurhash3-0.1.7/ext/murmurhash3
make DESTDIR\= sitearchdir\=./.gem.20231107-135761-s068ap sitelibdir\=./.gem.20231107-135761-s068ap
compiling murmur3.c
murmur3.c: In function ‘rb_murmur3_32_str_digest’:
murmur3.c:353:5: warning: "WORDS_BIGENDIAN" is not defined, evaluates to 0 [-Wundef]
  353 | #if WORDS_BIGENDIAN
      |     ^~~~~~~~~~~~~~~
murmur3.c: In function ‘rb_murmur3_32_str_hexdigest’:
murmur3.c:371:5: warning: "WORDS_BIGENDIAN" is not defined, evaluates to 0 [-Wundef]
  371 | #if WORDS_BIGENDIAN
      |     ^~~~~~~~~~~~~~~
murmur3.c: In function ‘rb_murmur3_32_str_base64digest’:
murmur3.c:392:5: warning: "WORDS_BIGENDIAN" is not defined, evaluates to 0 [-Wundef]
  392 | #if WORDS_BIGENDIAN
      |     ^~~~~~~~~~~~~~~
murmur3.c: In function ‘rb_murmur3_128_str_hash’:
murmur3.c:504:5: warning: "WORDS_BIGENDIAN" is not defined, evaluates to 0 [-Wundef]
  504 | #if WORDS_BIGENDIAN
      |     ^~~~~~~~~~~~~~~
murmur3.c: In function ‘rb_murmur3_128_str_digest’:
murmur3.c:518:5: warning: "WORDS_BIGENDIAN" is not defined, evaluates to 0 [-Wundef]
  518 | #if WORDS_BIGENDIAN
      |     ^~~~~~~~~~~~~~~
murmur3.c: In function ‘rb_murmur3_128_str_hexdigest’:
murmur3.c:534:5: warning: "WORDS_BIGENDIAN" is not defined, evaluates to 0 [-Wundef]
  534 | #if WORDS_BIGENDIAN
      |     ^~~~~~~~~~~~~~~
murmur3.c: In function ‘rb_murmur3_128_str_base64digest’:
murmur3.c:554:5: warning: "WORDS_BIGENDIAN" is not defined, evaluates to 0 [-Wundef]
  554 | #if WORDS_BIGENDIAN
      |     ^~~~~~~~~~~~~~~
murmur3.c: In function ‘rb_murmur3_128_int32_hash’:
murmur3.c:585:5: warning: "WORDS_BIGENDIAN" is not defined, evaluates to 0 [-Wundef]
  585 | #if WORDS_BIGENDIAN
      |     ^~~~~~~~~~~~~~~
murmur3.c: In function ‘rb_murmur3_128_int64_hash’:
murmur3.c:607:5: warning: "WORDS_BIGENDIAN" is not defined, evaluates to 0 [-Wundef]
  607 | #if WORDS_BIGENDIAN
      |     ^~~~~~~~~~~~~~~
murmur3.c: In function ‘Init_native’:
murmur3.c:614:1: warning: old-style function definition [-Wold-style-definition]
  614 | Init_native() {
      | ^~~~~~~~~~~
murmur3.c: At top level:
cc1: warning: unrecognized command line option ‘-Wno-self-assign’
cc1: warning: unrecognized command line option ‘-Wno-parentheses-equality’
cc1: warning: unrecognized command line option ‘-Wno-constant-logical-operand’
linking shared-object murmurhash3/native.so

current directory: /home/developer/Desktop/test_task/urhouse/path/ruby/3.2.0/gems/murmurhash3-0.1.7/ext/murmurhash3
make DESTDIR\= sitearchdir\=./.gem.20231107-135761-s068ap sitelibdir\=./.gem.20231107-135761-s068ap install
/usr/bin/install -m 0755 native.so ./.gem.20231107-135761-s068ap/murmurhash3

current directory: /home/developer/Desktop/test_task/urhouse/path/ruby/3.2.0/gems/murmurhash3-0.1.7/ext/murmurhash3
make DESTDIR\= sitearchdir\=./.gem.20231107-135761-s068ap sitelibdir\=./.gem.20231107-135761-s068ap clean
