current directory: /home/developer/Desktop/test_task/urhouse/path/ruby/3.2.0/gems/bootsnap-1.17.0/ext/bootsnap
/home/developer/.rvm/rubies/ruby-3.2.2/bin/ruby extconf.rb
creating Makefile

current directory: /home/developer/Desktop/test_task/urhouse/path/ruby/3.2.0/gems/bootsnap-1.17.0/ext/bootsnap
make DESTDIR\= sitearchdir\=./.gem.20231106-57306-5nvwoz sitelibdir\=./.gem.20231106-57306-5nvwoz clean

current directory: /home/developer/Desktop/test_task/urhouse/path/ruby/3.2.0/gems/bootsnap-1.17.0/ext/bootsnap
make DESTDIR\= sitearchdir\=./.gem.20231106-57306-5nvwoz sitelibdir\=./.gem.20231106-57306-5nvwoz
compiling bootsnap.c
bootsnap.c: In function ‘bs_precompile’:
bootsnap.c:822:10: warning: unused variable ‘contents’ [-Wunused-variable]
  822 |   char * contents = NULL;
      |          ^~~~~~~~
bootsnap.c: At top level:
cc1: warning: unrecognized command line option ‘-Wno-self-assign’
cc1: warning: unrecognized command line option ‘-Wno-parentheses-equality’
cc1: warning: unrecognized command line option ‘-Wno-constant-logical-operand’
linking shared-object bootsnap/bootsnap.so

current directory: /home/developer/Desktop/test_task/urhouse/path/ruby/3.2.0/gems/bootsnap-1.17.0/ext/bootsnap
make DESTDIR\= sitearchdir\=./.gem.20231106-57306-5nvwoz sitelibdir\=./.gem.20231106-57306-5nvwoz install
/usr/bin/install -m 0755 bootsnap.so ./.gem.20231106-57306-5nvwoz/bootsnap

current directory: /home/developer/Desktop/test_task/urhouse/path/ruby/3.2.0/gems/bootsnap-1.17.0/ext/bootsnap
make DESTDIR\= sitearchdir\=./.gem.20231106-57306-5nvwoz sitelibdir\=./.gem.20231106-57306-5nvwoz clean
