current directory: /home/developer/Desktop/test_task/urhouse/path/ruby/3.2.0/gems/psych-5.1.1.1/ext/psych
/home/developer/.rvm/rubies/ruby-3.2.2/bin/ruby extconf.rb
checking for yaml.h... yes
checking for yaml_get_version() in -lyaml... yes
creating Makefile

current directory: /home/developer/Desktop/test_task/urhouse/path/ruby/3.2.0/gems/psych-5.1.1.1/ext/psych
make DESTDIR\= sitearchdir\=./.gem.20231106-57306-2nko46 sitelibdir\=./.gem.20231106-57306-2nko46 clean
cd libyaml && make clean
/bin/sh: 1: cd: can't cd to libyaml
make: [Makefile:283: clean-so] Error 2 (ignored)

current directory: /home/developer/Desktop/test_task/urhouse/path/ruby/3.2.0/gems/psych-5.1.1.1/ext/psych
make DESTDIR\= sitearchdir\=./.gem.20231106-57306-2nko46 sitelibdir\=./.gem.20231106-57306-2nko46
compiling psych.c
compiling psych_emitter.c
compiling psych_parser.c
compiling psych_to_ruby.c
compiling psych_yaml_tree.c
linking shared-object psych.so

current directory: /home/developer/Desktop/test_task/urhouse/path/ruby/3.2.0/gems/psych-5.1.1.1/ext/psych
make DESTDIR\= sitearchdir\=./.gem.20231106-57306-2nko46 sitelibdir\=./.gem.20231106-57306-2nko46 install
/usr/bin/install -m 0755 psych.so ./.gem.20231106-57306-2nko46

current directory: /home/developer/Desktop/test_task/urhouse/path/ruby/3.2.0/gems/psych-5.1.1.1/ext/psych
make DESTDIR\= sitearchdir\=./.gem.20231106-57306-2nko46 sitelibdir\=./.gem.20231106-57306-2nko46 clean
cd libyaml && make clean
/bin/sh: 1: cd: can't cd to libyaml
make: [Makefile:283: clean-so] Error 2 (ignored)
