current directory: /home/developer/Desktop/test_task/urhouse/path/ruby/3.2.0/gems/websocket-driver-0.7.6/ext/websocket-driver
/home/developer/.rvm/rubies/ruby-3.2.2/bin/ruby extconf.rb
creating Makefile

current directory: /home/developer/Desktop/test_task/urhouse/path/ruby/3.2.0/gems/websocket-driver-0.7.6/ext/websocket-driver
make DESTDIR\= sitearchdir\=./.gem.20231106-57306-tw211h sitelibdir\=./.gem.20231106-57306-tw211h clean

current directory: /home/developer/Desktop/test_task/urhouse/path/ruby/3.2.0/gems/websocket-driver-0.7.6/ext/websocket-driver
make DESTDIR\= sitearchdir\=./.gem.20231106-57306-tw211h sitelibdir\=./.gem.20231106-57306-tw211h
compiling websocket_mask.c
websocket_mask.c: In function ‘Init_websocket_mask’:
websocket_mask.c:26:6: warning: old-style function definition [-Wold-style-definition]
   26 | void Init_websocket_mask()
      |      ^~~~~~~~~~~~~~~~~~~
websocket_mask.c: At top level:
cc1: warning: unrecognized command line option ‘-Wno-self-assign’
cc1: warning: unrecognized command line option ‘-Wno-parentheses-equality’
cc1: warning: unrecognized command line option ‘-Wno-constant-logical-operand’
linking shared-object websocket_mask.so

current directory: /home/developer/Desktop/test_task/urhouse/path/ruby/3.2.0/gems/websocket-driver-0.7.6/ext/websocket-driver
make DESTDIR\= sitearchdir\=./.gem.20231106-57306-tw211h sitelibdir\=./.gem.20231106-57306-tw211h install
/usr/bin/install -m 0755 websocket_mask.so ./.gem.20231106-57306-tw211h

current directory: /home/developer/Desktop/test_task/urhouse/path/ruby/3.2.0/gems/websocket-driver-0.7.6/ext/websocket-driver
make DESTDIR\= sitearchdir\=./.gem.20231106-57306-tw211h sitelibdir\=./.gem.20231106-57306-tw211h clean
